<?xml version="1.0" encoding="UTF-8"?>
<testsuite name="com.mycompany.java_katas.BabySitterTest" tests="1" skipped="0" failures="0" errors="0" timestamp="2016-06-05T13:31:27" hostname="TheComputer" time="0.001">
  <properties/>
  <testcase name="testStartAfterFive" classname="com.mycompany.java_katas.BabySitterTest" time="0.001"/>
  <system-out><![CDATA[]]></system-out>
  <system-err><![CDATA[]]></system-err>
</testsuite>
